# JRE version: OpenJDK Runtime Environment (8.0_242-b01) (build 1.8.0_242-release-1644-b01)
# Java VM: OpenJDK 64-Bit Server VM (25.242-b01 mixed mode windows-amd64 compressed oops)
Heap:
 PSYoungGen      total 266752K, used 58755K [0x00000000d5580000, 0x00000000ebb00000, 0x0000000100000000)
  eden space 235520K, 11% used [0x00000000d5580000,0x00000000d7067b20,0x00000000e3b80000)
  from space 31232K, 99% used [0x00000000e6b80000,0x00000000e89f91a0,0x00000000e8a00000)
  to   space 49152K, 0% used [0x00000000e3b80000,0x00000000e3b80000,0x00000000e6b80000)
 ParOldGen       total 217600K, used 78992K [0x0000000080000000, 0x000000008d480000, 0x00000000d5580000)
  object space 217600K, 36% used [0x0000000080000000,0x0000000084d24180,0x000000008d480000)
 Metaspace       used 90126K, capacity 95490K, committed 95832K, reserved 1132544K
  class space    used 12287K, capacity 13328K, committed 13440K, reserved 1048576K
GC Heap History (10 events):
Event: 13.248 GC heap before
{Heap before GC invocations=13 (full 3):
 PSYoungGen      total 211968K, used 17913K [0x00000000d5580000, 0x00000000e5e80000, 0x0000000100000000)
  eden space 194048K, 0% used [0x00000000d5580000,0x00000000d5580000,0x00000000e1300000)
  from space 17920K, 99% used [0x00000000e2780000,0x00000000e38fe4a0,0x00000000e3900000)
  to   space 20992K, 0% used [0x00000000e1300000,0x00000000e1300000,0x00000000e2780000)
 ParOldGen       total 143360K, used 26941K [0x0000000080000000, 0x0000000088c00000, 0x00000000d5580000)
  object space 143360K, 18% used [0x0000000080000000,0x0000000081a4f7e0,0x0000000088c00000)
 Metaspace       used 56377K, capacity 58878K, committed 59028K, reserved 1099776K
  class space    used 7676K, capacity 8174K, committed 8192K, reserved 1048576K
Event: 13.631 GC heap after
Heap after GC invocations=13 (full 3):
 PSYoungGen      total 211968K, used 0K [0x00000000d5580000, 0x00000000e5e80000, 0x0000000100000000)
  eden space 194048K, 0% used [0x00000000d5580000,0x00000000d5580000,0x00000000e1300000)
  from space 17920K, 0% used [0x00000000e2780000,0x00000000e2780000,0x00000000e3900000)
  to   space 20992K, 0% used [0x00000000e1300000,0x00000000e1300000,0x00000000e2780000)
 ParOldGen       total 217600K, used 34470K [0x0000000080000000, 0x000000008d480000, 0x00000000d5580000)
  object space 217600K, 15% used [0x0000000080000000,0x00000000821a9808,0x000000008d480000)
 Metaspace       used 56349K, capacity 58782K, committed 59028K, reserved 1099776K
  class space    used 7667K, capacity 8158K, committed 8192K, reserved 1048576K
}
Event: 18.273 GC heap before
{Heap before GC invocations=14 (full 3):
 PSYoungGen      total 211968K, used 194048K [0x00000000d5580000, 0x00000000e5e80000, 0x0000000100000000)
  eden space 194048K, 100% used [0x00000000d5580000,0x00000000e1300000,0x00000000e1300000)
  from space 17920K, 0% used [0x00000000e2780000,0x00000000e2780000,0x00000000e3900000)
  to   space 20992K, 0% used [0x00000000e1300000,0x00000000e1300000,0x00000000e2780000)
 ParOldGen       total 217600K, used 34470K [0x0000000080000000, 0x000000008d480000, 0x00000000d5580000)
  object space 217600K, 15% used [0x0000000080000000,0x00000000821a9808,0x000000008d480000)
 Metaspace       used 67086K, capacity 69958K, committed 70104K, reserved 1110016K
  class space    used 9301K, capacity 9875K, committed 9984K, reserved 1048576K
Event: 18.296 GC heap after
Heap after GC invocations=14 (full 3):
 PSYoungGen      total 215040K, used 16336K [0x00000000d5580000, 0x00000000e6000000, 0x0000000100000000)
  eden space 194048K, 0% used [0x00000000d5580000,0x00000000d5580000,0x00000000e1300000)
  from space 20992K, 77% used [0x00000000e1300000,0x00000000e22f4348,0x00000000e2780000)
  to   space 22016K, 0% used [0x00000000e4a80000,0x00000000e4a80000,0x00000000e6000000)
 ParOldGen       total 217600K, used 34478K [0x0000000080000000, 0x000000008d480000, 0x00000000d5580000)
  object space 217600K, 15% used [0x0000000080000000,0x00000000821ab808,0x000000008d480000)
 Metaspace       used 67086K, capacity 69958K, committed 70104K, reserved 1110016K
  class space    used 9301K, capacity 9875K, committed 9984K, reserved 1048576K
}
Event: 42.749 GC heap before
{Heap before GC invocations=15 (full 3):
 PSYoungGen      total 215040K, used 210384K [0x00000000d5580000, 0x00000000e6000000, 0x0000000100000000)
  eden space 194048K, 100% used [0x00000000d5580000,0x00000000e1300000,0x00000000e1300000)
  from space 20992K, 77% used [0x00000000e1300000,0x00000000e22f4348,0x00000000e2780000)
  to   space 22016K, 0% used [0x00000000e4a80000,0x00000000e4a80000,0x00000000e6000000)
 ParOldGen       total 217600K, used 34478K [0x0000000080000000, 0x000000008d480000, 0x00000000d5580000)
  object space 217600K, 15% used [0x0000000080000000,0x00000000821ab808,0x000000008d480000)
 Metaspace       used 79563K, capacity 83686K, committed 83928K, reserved 1122304K
  class space    used 10788K, capacity 11658K, committed 11776K, reserved 1048576K
Event: 42.782 GC heap after
Heap after GC invocations=15 (full 3):
 PSYoungGen      total 244736K, used 22008K [0x00000000d5580000, 0x00000000e6300000, 0x0000000100000000)
  eden space 222720K, 0% used [0x00000000d5580000,0x00000000d5580000,0x00000000e2f00000)
  from space 22016K, 99% used [0x00000000e4a80000,0x00000000e5ffe008,0x00000000e6000000)
  to   space 26624K, 0% used [0x00000000e2f00000,0x00000000e2f00000,0x00000000e4900000)
 ParOldGen       total 217600K, used 39803K [0x0000000080000000, 0x000000008d480000, 0x00000000d5580000)
  object space 217600K, 18% used [0x0000000080000000,0x00000000826ded78,0x000000008d480000)
 Metaspace       used 79563K, capacity 83686K, committed 83928K, reserved 1122304K
  class space    used 10788K, capacity 11658K, committed 11776K, reserved 1048576K
}
Event: 50.281 GC heap before
{Heap before GC invocations=16 (full 3):
 PSYoungGen      total 244736K, used 244728K [0x00000000d5580000, 0x00000000e6300000, 0x0000000100000000)
  eden space 222720K, 100% used [0x00000000d5580000,0x00000000e2f00000,0x00000000e2f00000)
  from space 22016K, 99% used [0x00000000e4a80000,0x00000000e5ffe008,0x00000000e6000000)
  to   space 26624K, 0% used [0x00000000e2f00000,0x00000000e2f00000,0x00000000e4900000)
 ParOldGen       total 217600K, used 39803K [0x0000000080000000, 0x000000008d480000, 0x00000000d5580000)
  object space 217600K, 18% used [0x0000000080000000,0x00000000826ded78,0x000000008d480000)
 Metaspace       used 83037K, capacity 87542K, committed 87640K, reserved 1124352K
  class space    used 11181K, capacity 12116K, committed 12160K, reserved 1048576K
Event: 50.337 GC heap after
Heap after GC invocations=16 (full 3):
 PSYoungGen      total 249344K, used 26597K [0x00000000d5580000, 0x00000000e8a00000, 0x0000000100000000)
  eden space 222720K, 0% used [0x00000000d5580000,0x00000000d5580000,0x00000000e2f00000)
  from space 26624K, 99% used [0x00000000e2f00000,0x00000000e48f97c8,0x00000000e4900000)
  to   space 31232K, 0% used [0x00000000e6b80000,0x00000000e6b80000,0x00000000e8a00000)
 ParOldGen       total 217600K, used 42405K [0x0000000080000000, 0x000000008d480000, 0x00000000d5580000)
  object space 217600K, 19% used [0x0000000080000000,0x00000000829697d0,0x000000008d480000)
 Metaspace       used 83037K, capacity 87542K, committed 87640K, reserved 1124352K
  class space    used 11181K, capacity 12116K, committed 12160K, reserved 1048576K
}
Event: 52.481 GC heap before
{Heap before GC invocations=17 (full 3):
 PSYoungGen      total 249344K, used 249317K [0x00000000d5580000, 0x00000000e8a00000, 0x0000000100000000)
  eden space 222720K, 100% used [0x00000000d5580000,0x00000000e2f00000,0x00000000e2f00000)
  from space 26624K, 99% used [0x00000000e2f00000,0x00000000e48f97c8,0x00000000e4900000)
  to   space 31232K, 0% used [0x00000000e6b80000,0x00000000e6b80000,0x00000000e8a00000)
 ParOldGen       total 217600K, used 42405K [0x0000000080000000, 0x000000008d480000, 0x00000000d5580000)
  object space 217600K, 19% used [0x0000000080000000,0x00000000829697d0,0x000000008d480000)
 Metaspace       used 89127K, capacity 94406K, committed 94552K, reserved 1130496K
  class space    used 12136K, capacity 13184K, committed 13184K, reserved 1048576K
Event: 52.576 GC heap after
Heap after GC invocations=17 (full 3):
 PSYoungGen      total 266752K, used 31204K [0x00000000d5580000, 0x00000000ebb00000, 0x0000000100000000)
  eden space 235520K, 0% used [0x00000000d5580000,0x00000000d5580000,0x00000000e3b80000)
  from space 31232K, 99% used [0x00000000e6b80000,0x00000000e89f91a0,0x00000000e8a00000)
  to   space 49152K, 0% used [0x00000000e3b80000,0x00000000e3b80000,0x00000000e6b80000)
 ParOldGen       total 217600K, used 78992K [0x0000000080000000, 0x000000008d480000, 0x00000000d5580000)
  object space 217600K, 36% used [0x0000000080000000,0x0000000084d24180,0x000000008d480000)
 Metaspace       used 89127K, capacity 94406K, committed 94552K, reserved 1130496K
  class space    used 12136K, capacity 13184K, committed 13184K, reserved 1048576K
}

