# JRE version: OpenJDK Runtime Environment (8.0_242-b01) (build 1.8.0_242-release-1644-b01)
# Java VM: OpenJDK 64-Bit Server VM (25.242-b01 mixed mode windows-amd64 compressed oops)
Heap:
 PSYoungGen      total 262656K, used 177484K [0x00000000d5580000, 0x00000000eb680000, 0x0000000100000000)
  eden space 222208K, 77% used [0x00000000d5580000,0x00000000dfe3b920,0x00000000e2e80000)
  from space 40448K, 11% used [0x00000000e8f00000,0x00000000e9397a78,0x00000000eb680000)
  to   space 29184K, 0% used [0x00000000e2e80000,0x00000000e2e80000,0x00000000e4b00000)
 ParOldGen       total 224768K, used 90695K [0x0000000080000000, 0x000000008db80000, 0x00000000d5580000)
  object space 224768K, 40% used [0x0000000080000000,0x0000000085891e68,0x000000008db80000)
 Metaspace       used 78302K, capacity 83500K, committed 83736K, reserved 1122304K
  class space    used 10858K, capacity 11807K, committed 11816K, reserved 1048576K
GC Heap History (10 events):
Event: 13.928 GC heap before
{Heap before GC invocations=13 (full 3):
 PSYoungGen      total 212992K, used 16679K [0x00000000d5580000, 0x00000000e5c80000, 0x0000000100000000)
  eden space 195072K, 0% used [0x00000000d5580000,0x00000000d5580000,0x00000000e1400000)
  from space 17920K, 93% used [0x00000000e2700000,0x00000000e3749d68,0x00000000e3880000)
  to   space 19456K, 0% used [0x00000000e1400000,0x00000000e1400000,0x00000000e2700000)
 ParOldGen       total 148480K, used 28061K [0x0000000080000000, 0x0000000089100000, 0x00000000d5580000)
  object space 148480K, 18% used [0x0000000080000000,0x0000000081b674b8,0x0000000089100000)
 Metaspace       used 56732K, capacity 59090K, committed 59160K, reserved 1099776K
  class space    used 7748K, capacity 8214K, committed 8232K, reserved 1048576K
Event: 14.334 GC heap after
Heap after GC invocations=13 (full 3):
 PSYoungGen      total 212992K, used 0K [0x00000000d5580000, 0x00000000e5c80000, 0x0000000100000000)
  eden space 195072K, 0% used [0x00000000d5580000,0x00000000d5580000,0x00000000e1400000)
  from space 17920K, 0% used [0x00000000e2700000,0x00000000e2700000,0x00000000e3880000)
  to   space 19456K, 0% used [0x00000000e1400000,0x00000000e1400000,0x00000000e2700000)
 ParOldGen       total 224768K, used 32440K [0x0000000080000000, 0x000000008db80000, 0x00000000d5580000)
  object space 224768K, 14% used [0x0000000080000000,0x0000000081fae1c0,0x000000008db80000)
 Metaspace       used 56694K, capacity 58958K, committed 59160K, reserved 1099776K
  class space    used 7736K, capacity 8192K, committed 8232K, reserved 1048576K
}
Event: 18.788 GC heap before
{Heap before GC invocations=14 (full 3):
 PSYoungGen      total 212992K, used 195072K [0x00000000d5580000, 0x00000000e5c80000, 0x0000000100000000)
  eden space 195072K, 100% used [0x00000000d5580000,0x00000000e1400000,0x00000000e1400000)
  from space 17920K, 0% used [0x00000000e2700000,0x00000000e2700000,0x00000000e3880000)
  to   space 19456K, 0% used [0x00000000e1400000,0x00000000e1400000,0x00000000e2700000)
 ParOldGen       total 224768K, used 32440K [0x0000000080000000, 0x000000008db80000, 0x00000000d5580000)
  object space 224768K, 14% used [0x0000000080000000,0x0000000081fae1c0,0x000000008db80000)
 Metaspace       used 64610K, capacity 67862K, committed 68248K, reserved 1107968K
  class space    used 8921K, capacity 9520K, committed 9640K, reserved 1048576K
Event: 18.808 GC heap after
Heap after GC invocations=14 (full 3):
 PSYoungGen      total 214528K, used 19433K [0x00000000d5580000, 0x00000000e6100000, 0x0000000100000000)
  eden space 195072K, 0% used [0x00000000d5580000,0x00000000d5580000,0x00000000e1400000)
  from space 19456K, 99% used [0x00000000e1400000,0x00000000e26fa5f0,0x00000000e2700000)
  to   space 22528K, 0% used [0x00000000e4b00000,0x00000000e4b00000,0x00000000e6100000)
 ParOldGen       total 224768K, used 34275K [0x0000000080000000, 0x000000008db80000, 0x00000000d5580000)
  object space 224768K, 15% used [0x0000000080000000,0x0000000082178ee8,0x000000008db80000)
 Metaspace       used 64610K, capacity 67862K, committed 68248K, reserved 1107968K
  class space    used 8921K, capacity 9520K, committed 9640K, reserved 1048576K
}
Event: 23.561 GC heap before
{Heap before GC invocations=15 (full 3):
 PSYoungGen      total 214528K, used 214505K [0x00000000d5580000, 0x00000000e6100000, 0x0000000100000000)
  eden space 195072K, 100% used [0x00000000d5580000,0x00000000e1400000,0x00000000e1400000)
  from space 19456K, 99% used [0x00000000e1400000,0x00000000e26fa5f0,0x00000000e2700000)
  to   space 22528K, 0% used [0x00000000e4b00000,0x00000000e4b00000,0x00000000e6100000)
 ParOldGen       total 224768K, used 34275K [0x0000000080000000, 0x000000008db80000, 0x00000000d5580000)
  object space 224768K, 15% used [0x0000000080000000,0x0000000082178ee8,0x000000008db80000)
 Metaspace       used 69497K, capacity 73382K, committed 73624K, reserved 1112064K
  class space    used 9571K, capacity 10302K, committed 10408K, reserved 1048576K
Event: 23.589 GC heap after
Heap after GC invocations=15 (full 3):
 PSYoungGen      total 244736K, used 22519K [0x00000000d5580000, 0x00000000e6a80000, 0x0000000100000000)
  eden space 222208K, 0% used [0x00000000d5580000,0x00000000d5580000,0x00000000e2e80000)
  from space 22528K, 99% used [0x00000000e4b00000,0x00000000e60fde48,0x00000000e6100000)
  to   space 29184K, 0% used [0x00000000e2e80000,0x00000000e2e80000,0x00000000e4b00000)
 ParOldGen       total 224768K, used 44614K [0x0000000080000000, 0x000000008db80000, 0x00000000d5580000)
  object space 224768K, 19% used [0x0000000080000000,0x0000000082b91ab0,0x000000008db80000)
 Metaspace       used 69497K, capacity 73382K, committed 73624K, reserved 1112064K
  class space    used 9571K, capacity 10302K, committed 10408K, reserved 1048576K
}
Event: 25.699 GC heap before
{Heap before GC invocations=16 (full 3):
 PSYoungGen      total 244736K, used 244727K [0x00000000d5580000, 0x00000000e6a80000, 0x0000000100000000)
  eden space 222208K, 100% used [0x00000000d5580000,0x00000000e2e80000,0x00000000e2e80000)
  from space 22528K, 99% used [0x00000000e4b00000,0x00000000e60fde48,0x00000000e6100000)
  to   space 29184K, 0% used [0x00000000e2e80000,0x00000000e2e80000,0x00000000e4b00000)
 ParOldGen       total 224768K, used 44614K [0x0000000080000000, 0x000000008db80000, 0x00000000d5580000)
  object space 224768K, 19% used [0x0000000080000000,0x0000000082b91ab0,0x000000008db80000)
 Metaspace       used 77419K, capacity 82502K, committed 82712K, reserved 1120256K
  class space    used 10790K, capacity 11744K, committed 11816K, reserved 1048576K
Event: 25.861 GC heap after
Heap after GC invocations=16 (full 3):
 PSYoungGen      total 251392K, used 29179K [0x00000000d5580000, 0x00000000eb680000, 0x0000000100000000)
  eden space 222208K, 0% used [0x00000000d5580000,0x00000000d5580000,0x00000000e2e80000)
  from space 29184K, 99% used [0x00000000e2e80000,0x00000000e4afeda0,0x00000000e4b00000)
  to   space 40448K, 0% used [0x00000000e8f00000,0x00000000e8f00000,0x00000000eb680000)
 ParOldGen       total 224768K, used 63008K [0x0000000080000000, 0x000000008db80000, 0x00000000d5580000)
  object space 224768K, 28% used [0x0000000080000000,0x0000000083d88268,0x000000008db80000)
 Metaspace       used 77419K, capacity 82502K, committed 82712K, reserved 1120256K
  class space    used 10790K, capacity 11744K, committed 11816K, reserved 1048576K
}
Event: 27.265 GC heap before
{Heap before GC invocations=17 (full 3):
 PSYoungGen      total 251392K, used 251387K [0x00000000d5580000, 0x00000000eb680000, 0x0000000100000000)
  eden space 222208K, 100% used [0x00000000d5580000,0x00000000e2e80000,0x00000000e2e80000)
  from space 29184K, 99% used [0x00000000e2e80000,0x00000000e4afeda0,0x00000000e4b00000)
  to   space 40448K, 0% used [0x00000000e8f00000,0x00000000e8f00000,0x00000000eb680000)
 ParOldGen       total 224768K, used 63008K [0x0000000080000000, 0x000000008db80000, 0x00000000d5580000)
  object space 224768K, 28% used [0x0000000080000000,0x0000000083d88268,0x000000008db80000)
 Metaspace       used 77861K, capacity 82996K, committed 83224K, reserved 1120256K
  class space    used 10850K, capacity 11805K, committed 11816K, reserved 1048576K
Event: 27.352 GC heap after
Heap after GC invocations=17 (full 3):
 PSYoungGen      total 262656K, used 4702K [0x00000000d5580000, 0x00000000eb680000, 0x0000000100000000)
  eden space 222208K, 0% used [0x00000000d5580000,0x00000000d5580000,0x00000000e2e80000)
  from space 40448K, 11% used [0x00000000e8f00000,0x00000000e9397a78,0x00000000eb680000)
  to   space 29184K, 0% used [0x00000000e2e80000,0x00000000e2e80000,0x00000000e4b00000)
 ParOldGen       total 224768K, used 90695K [0x0000000080000000, 0x000000008db80000, 0x00000000d5580000)
  object space 224768K, 40% used [0x0000000080000000,0x0000000085891e68,0x000000008db80000)
 Metaspace       used 77861K, capacity 82996K, committed 83224K, reserved 1120256K
  class space    used 10850K, capacity 11805K, committed 11816K, reserved 1048576K
}

