# JRE version: OpenJDK Runtime Environment (8.0_242-b01) (build 1.8.0_242-release-1644-b01)
# Java VM: OpenJDK 64-Bit Server VM (25.242-b01 mixed mode windows-amd64 compressed oops)
Heap:
 PSYoungGen      total 325632K, used 139412K [0x00000000d5580000, 0x00000000ebc80000, 0x0000000100000000)
  eden space 283648K, 38% used [0x00000000d5580000,0x00000000dbfbef18,0x00000000e6a80000)
  from space 41984K, 72% used [0x00000000e6a80000,0x00000000e886a4d0,0x00000000e9380000)
  to   space 39936K, 0% used [0x00000000e9580000,0x00000000e9580000,0x00000000ebc80000)
 ParOldGen       total 336384K, used 69370K [0x0000000080000000, 0x0000000094880000, 0x00000000d5580000)
  object space 336384K, 20% used [0x0000000080000000,0x00000000843be850,0x0000000094880000)
 Metaspace       used 116449K, capacity 123038K, committed 123096K, reserved 1161216K
  class space    used 15834K, capacity 17110K, committed 17152K, reserved 1048576K
GC Heap History (10 events):
Event: 36.494 GC heap before
{Heap before GC invocations=17 (full 3):
 PSYoungGen      total 245760K, used 245739K [0x00000000d5580000, 0x00000000e8900000, 0x0000000100000000)
  eden space 221696K, 100% used [0x00000000d5580000,0x00000000e2e00000,0x00000000e2e00000)
  from space 24064K, 99% used [0x00000000e2e00000,0x00000000e457ad00,0x00000000e4580000)
  to   space 30208K, 0% used [0x00000000e6b80000,0x00000000e6b80000,0x00000000e8900000)
 ParOldGen       total 221696K, used 44706K [0x0000000080000000, 0x000000008d880000, 0x00000000d5580000)
  object space 221696K, 20% used [0x0000000080000000,0x0000000082ba8928,0x000000008d880000)
 Metaspace       used 88850K, capacity 93968K, committed 94168K, reserved 1130496K
  class space    used 11966K, capacity 12935K, committed 13056K, reserved 1048576K
Event: 36.549 GC heap after
Heap after GC invocations=17 (full 3):
 PSYoungGen      total 277504K, used 30189K [0x00000000d5580000, 0x00000000e9380000, 0x0000000100000000)
  eden space 247296K, 0% used [0x00000000d5580000,0x00000000d5580000,0x00000000e4700000)
  from space 30208K, 99% used [0x00000000e6b80000,0x00000000e88fb520,0x00000000e8900000)
  to   space 37376K, 0% used [0x00000000e4700000,0x00000000e4700000,0x00000000e6b80000)
 ParOldGen       total 221696K, used 53121K [0x0000000080000000, 0x000000008d880000, 0x00000000d5580000)
  object space 221696K, 23% used [0x0000000080000000,0x00000000833e0678,0x000000008d880000)
 Metaspace       used 88850K, capacity 93968K, committed 94168K, reserved 1130496K
  class space    used 11966K, capacity 12935K, committed 13056K, reserved 1048576K
}
Event: 38.051 GC heap before
{Heap before GC invocations=18 (full 3):
 PSYoungGen      total 277504K, used 146428K [0x00000000d5580000, 0x00000000e9380000, 0x0000000100000000)
  eden space 247296K, 47% used [0x00000000d5580000,0x00000000dc703e00,0x00000000e4700000)
  from space 30208K, 99% used [0x00000000e6b80000,0x00000000e88fb520,0x00000000e8900000)
  to   space 37376K, 0% used [0x00000000e4700000,0x00000000e4700000,0x00000000e6b80000)
 ParOldGen       total 221696K, used 53121K [0x0000000080000000, 0x000000008d880000, 0x00000000d5580000)
  object space 221696K, 23% used [0x0000000080000000,0x00000000833e0678,0x000000008d880000)
 Metaspace       used 92592K, capacity 98130K, committed 98264K, reserved 1134592K
  class space    used 12642K, capacity 13740K, committed 13824K, reserved 1048576K
Event: 38.086 GC heap after
Heap after GC invocations=18 (full 3):
 PSYoungGen      total 284672K, used 29782K [0x00000000d5580000, 0x00000000ebd00000, 0x0000000100000000)
  eden space 247296K, 0% used [0x00000000d5580000,0x00000000d5580000,0x00000000e4700000)
  from space 37376K, 79% used [0x00000000e4700000,0x00000000e6415a08,0x00000000e6b80000)
  to   space 40448K, 0% used [0x00000000e9580000,0x00000000e9580000,0x00000000ebd00000)
 ParOldGen       total 221696K, used 66400K [0x0000000080000000, 0x000000008d880000, 0x00000000d5580000)
  object space 221696K, 29% used [0x0000000080000000,0x00000000840d82e8,0x000000008d880000)
 Metaspace       used 92592K, capacity 98130K, committed 98264K, reserved 1134592K
  class space    used 12642K, capacity 13740K, committed 13824K, reserved 1048576K
}
Event: 38.086 GC heap before
{Heap before GC invocations=19 (full 4):
 PSYoungGen      total 284672K, used 29782K [0x00000000d5580000, 0x00000000ebd00000, 0x0000000100000000)
  eden space 247296K, 0% used [0x00000000d5580000,0x00000000d5580000,0x00000000e4700000)
  from space 37376K, 79% used [0x00000000e4700000,0x00000000e6415a08,0x00000000e6b80000)
  to   space 40448K, 0% used [0x00000000e9580000,0x00000000e9580000,0x00000000ebd00000)
 ParOldGen       total 221696K, used 66400K [0x0000000080000000, 0x000000008d880000, 0x00000000d5580000)
  object space 221696K, 29% used [0x0000000080000000,0x00000000840d82e8,0x000000008d880000)
 Metaspace       used 92592K, capacity 98130K, committed 98264K, reserved 1134592K
  class space    used 12642K, capacity 13740K, committed 13824K, reserved 1048576K
Event: 38.400 GC heap after
Heap after GC invocations=19 (full 4):
 PSYoungGen      total 284672K, used 0K [0x00000000d5580000, 0x00000000ebd00000, 0x0000000100000000)
  eden space 247296K, 0% used [0x00000000d5580000,0x00000000d5580000,0x00000000e4700000)
  from space 37376K, 0% used [0x00000000e4700000,0x00000000e4700000,0x00000000e6b80000)
  to   space 40448K, 0% used [0x00000000e9580000,0x00000000e9580000,0x00000000ebd00000)
 ParOldGen       total 336384K, used 69354K [0x0000000080000000, 0x0000000094880000, 0x00000000d5580000)
  object space 336384K, 20% used [0x0000000080000000,0x00000000843ba850,0x0000000094880000)
 Metaspace       used 92120K, capacity 96738K, committed 98264K, reserved 1134592K
  class space    used 12488K, capacity 13464K, committed 13824K, reserved 1048576K
}
Event: 1136.283 GC heap before
{Heap before GC invocations=20 (full 4):
 PSYoungGen      total 284672K, used 247296K [0x00000000d5580000, 0x00000000ebd00000, 0x0000000100000000)
  eden space 247296K, 100% used [0x00000000d5580000,0x00000000e4700000,0x00000000e4700000)
  from space 37376K, 0% used [0x00000000e4700000,0x00000000e4700000,0x00000000e6b80000)
  to   space 40448K, 0% used [0x00000000e9580000,0x00000000e9580000,0x00000000ebd00000)
 ParOldGen       total 336384K, used 69354K [0x0000000080000000, 0x0000000094880000, 0x00000000d5580000)
  object space 336384K, 20% used [0x0000000080000000,0x00000000843ba850,0x0000000094880000)
 Metaspace       used 107767K, capacity 113660K, committed 113880K, reserved 1146880K
  class space    used 14693K, capacity 15858K, committed 15872K, reserved 1048576K
Event: 1136.316 GC heap after
Heap after GC invocations=20 (full 4):
 PSYoungGen      total 323584K, used 28375K [0x00000000d5580000, 0x00000000ebc80000, 0x0000000100000000)
  eden space 283648K, 0% used [0x00000000d5580000,0x00000000d5580000,0x00000000e6a80000)
  from space 39936K, 71% used [0x00000000e9580000,0x00000000eb135f28,0x00000000ebc80000)
  to   space 41984K, 0% used [0x00000000e6a80000,0x00000000e6a80000,0x00000000e9380000)
 ParOldGen       total 336384K, used 69362K [0x0000000080000000, 0x0000000094880000, 0x00000000d5580000)
  object space 336384K, 20% used [0x0000000080000000,0x00000000843bc850,0x0000000094880000)
 Metaspace       used 107767K, capacity 113660K, committed 113880K, reserved 1146880K
  class space    used 14693K, capacity 15858K, committed 15872K, reserved 1048576K
}
Event: 1143.313 GC heap before
{Heap before GC invocations=21 (full 4):
 PSYoungGen      total 323584K, used 312023K [0x00000000d5580000, 0x00000000ebc80000, 0x0000000100000000)
  eden space 283648K, 100% used [0x00000000d5580000,0x00000000e6a80000,0x00000000e6a80000)
  from space 39936K, 71% used [0x00000000e9580000,0x00000000eb135f28,0x00000000ebc80000)
  to   space 41984K, 0% used [0x00000000e6a80000,0x00000000e6a80000,0x00000000e9380000)
 ParOldGen       total 336384K, used 69362K [0x0000000080000000, 0x0000000094880000, 0x00000000d5580000)
  object space 336384K, 20% used [0x0000000080000000,0x00000000843bc850,0x0000000094880000)
 Metaspace       used 114697K, capacity 121090K, committed 121304K, reserved 1153024K
  class space    used 15590K, capacity 16825K, committed 16896K, reserved 1048576K
Event: 1143.339 GC heap after
Heap after GC invocations=21 (full 4):
 PSYoungGen      total 325632K, used 30633K [0x00000000d5580000, 0x00000000ebc80000, 0x0000000100000000)
  eden space 283648K, 0% used [0x00000000d5580000,0x00000000d5580000,0x00000000e6a80000)
  from space 41984K, 72% used [0x00000000e6a80000,0x00000000e886a4d0,0x00000000e9380000)
  to   space 39936K, 0% used [0x00000000e9580000,0x00000000e9580000,0x00000000ebc80000)
 ParOldGen       total 336384K, used 69370K [0x0000000080000000, 0x0000000094880000, 0x00000000d5580000)
  object space 336384K, 20% used [0x0000000080000000,0x00000000843be850,0x0000000094880000)
 Metaspace       used 114697K, capacity 121090K, committed 121304K, reserved 1153024K
  class space    used 15590K, capacity 16825K, committed 16896K, reserved 1048576K
}

