# JRE version: OpenJDK Runtime Environment (8.0_242-b01) (build 1.8.0_242-release-1644-b01)
# Java VM: OpenJDK 64-Bit Server VM (25.242-b01 mixed mode windows-amd64 compressed oops)
Heap:
 PSYoungGen      total 504320K, used 406753K [0x00000000d5580000, 0x00000000f6b80000, 0x0000000100000000)
  eden space 467968K, 82% used [0x00000000d5580000,0x00000000ecec5750,0x00000000f1e80000)
  from space 36352K, 56% used [0x00000000f4200000,0x00000000f55f2cc0,0x00000000f6580000)
  to   space 36352K, 0% used [0x00000000f1e80000,0x00000000f1e80000,0x00000000f4200000)
 ParOldGen       total 213504K, used 89719K [0x0000000080000000, 0x000000008d080000, 0x00000000d5580000)
  object space 213504K, 42% used [0x0000000080000000,0x000000008579dce0,0x000000008d080000)
 Metaspace       used 93449K, capacity 98423K, committed 99532K, reserved 1134592K
  class space    used 12513K, capacity 13483K, committed 13824K, reserved 1048576K
GC Heap History (10 events):
Event: 30.455 GC heap before
{Heap before GC invocations=20 (full 4):
 PSYoungGen      total 317440K, used 276992K [0x00000000d5580000, 0x00000000ef800000, 0x0000000100000000)
  eden space 276992K, 100% used [0x00000000d5580000,0x00000000e6400000,0x00000000e6400000)
  from space 40448K, 0% used [0x00000000e6400000,0x00000000e6400000,0x00000000e8b80000)
  to   space 39936K, 0% used [0x00000000ed100000,0x00000000ed100000,0x00000000ef800000)
 ParOldGen       total 213504K, used 89687K [0x0000000080000000, 0x000000008d080000, 0x00000000d5580000)
  object space 213504K, 42% used [0x0000000080000000,0x0000000085795ce0,0x000000008d080000)
 Metaspace       used 92833K, capacity 97829K, committed 99276K, reserved 1134592K
  class space    used 12500K, capacity 13472K, committed 13824K, reserved 1048576K
Event: 30.464 GC heap after
Heap after GC invocations=20 (full 4):
 PSYoungGen      total 376320K, used 3148K [0x00000000d5580000, 0x00000000ef280000, 0x0000000100000000)
  eden space 342016K, 0% used [0x00000000d5580000,0x00000000d5580000,0x00000000ea380000)
  from space 34304K, 9% used [0x00000000ed100000,0x00000000ed413058,0x00000000ef280000)
  to   space 40448K, 0% used [0x00000000ea380000,0x00000000ea380000,0x00000000ecb00000)
 ParOldGen       total 213504K, used 89687K [0x0000000080000000, 0x000000008d080000, 0x00000000d5580000)
  object space 213504K, 42% used [0x0000000080000000,0x0000000085795ce0,0x000000008d080000)
 Metaspace       used 92833K, capacity 97829K, committed 99276K, reserved 1134592K
  class space    used 12500K, capacity 13472K, committed 13824K, reserved 1048576K
}
Event: 31.343 GC heap before
{Heap before GC invocations=21 (full 4):
 PSYoungGen      total 376320K, used 345164K [0x00000000d5580000, 0x00000000ef280000, 0x0000000100000000)
  eden space 342016K, 100% used [0x00000000d5580000,0x00000000ea380000,0x00000000ea380000)
  from space 34304K, 9% used [0x00000000ed100000,0x00000000ed413058,0x00000000ef280000)
  to   space 40448K, 0% used [0x00000000ea380000,0x00000000ea380000,0x00000000ecb00000)
 ParOldGen       total 213504K, used 89687K [0x0000000080000000, 0x000000008d080000, 0x00000000d5580000)
  object space 213504K, 42% used [0x0000000080000000,0x0000000085795ce0,0x000000008d080000)
 Metaspace       used 92994K, capacity 98017K, committed 99276K, reserved 1134592K
  class space    used 12505K, capacity 13480K, committed 13824K, reserved 1048576K
Event: 31.362 GC heap after
Heap after GC invocations=21 (full 4):
 PSYoungGen      total 382464K, used 6880K [0x00000000d5580000, 0x00000000f2600000, 0x0000000100000000)
  eden space 342016K, 0% used [0x00000000d5580000,0x00000000d5580000,0x00000000ea380000)
  from space 40448K, 17% used [0x00000000ea380000,0x00000000eaa38000,0x00000000ecb00000)
  to   space 39936K, 0% used [0x00000000eff00000,0x00000000eff00000,0x00000000f2600000)
 ParOldGen       total 213504K, used 89695K [0x0000000080000000, 0x000000008d080000, 0x00000000d5580000)
  object space 213504K, 42% used [0x0000000080000000,0x0000000085797ce0,0x000000008d080000)
 Metaspace       used 92994K, capacity 98017K, committed 99276K, reserved 1134592K
  class space    used 12505K, capacity 13480K, committed 13824K, reserved 1048576K
}
Event: 32.194 GC heap before
{Heap before GC invocations=22 (full 4):
 PSYoungGen      total 382464K, used 348896K [0x00000000d5580000, 0x00000000f2600000, 0x0000000100000000)
  eden space 342016K, 100% used [0x00000000d5580000,0x00000000ea380000,0x00000000ea380000)
  from space 40448K, 17% used [0x00000000ea380000,0x00000000eaa38000,0x00000000ecb00000)
  to   space 39936K, 0% used [0x00000000eff00000,0x00000000eff00000,0x00000000f2600000)
 ParOldGen       total 213504K, used 89695K [0x0000000080000000, 0x000000008d080000, 0x00000000d5580000)
  object space 213504K, 42% used [0x0000000080000000,0x0000000085797ce0,0x000000008d080000)
 Metaspace       used 93149K, capacity 98111K, committed 99276K, reserved 1134592K
  class space    used 12508K, capacity 13481K, committed 13824K, reserved 1048576K
Event: 32.222 GC heap after
Heap after GC invocations=22 (full 4):
 PSYoungGen      total 437248K, used 11562K [0x00000000d5580000, 0x00000000f2700000, 0x0000000100000000)
  eden space 397312K, 0% used [0x00000000d5580000,0x00000000d5580000,0x00000000ed980000)
  from space 39936K, 28% used [0x00000000eff00000,0x00000000f0a4abd8,0x00000000f2600000)
  to   space 38400K, 0% used [0x00000000ed980000,0x00000000ed980000,0x00000000eff00000)
 ParOldGen       total 213504K, used 89703K [0x0000000080000000, 0x000000008d080000, 0x00000000d5580000)
  object space 213504K, 42% used [0x0000000080000000,0x0000000085799ce0,0x000000008d080000)
 Metaspace       used 93149K, capacity 98111K, committed 99276K, reserved 1134592K
  class space    used 12508K, capacity 13481K, committed 13824K, reserved 1048576K
}
Event: 33.051 GC heap before
{Heap before GC invocations=23 (full 4):
 PSYoungGen      total 437248K, used 408874K [0x00000000d5580000, 0x00000000f2700000, 0x0000000100000000)
  eden space 397312K, 100% used [0x00000000d5580000,0x00000000ed980000,0x00000000ed980000)
  from space 39936K, 28% used [0x00000000eff00000,0x00000000f0a4abd8,0x00000000f2600000)
  to   space 38400K, 0% used [0x00000000ed980000,0x00000000ed980000,0x00000000eff00000)
 ParOldGen       total 213504K, used 89703K [0x0000000080000000, 0x000000008d080000, 0x00000000d5580000)
  object space 213504K, 42% used [0x0000000080000000,0x0000000085799ce0,0x000000008d080000)
 Metaspace       used 93255K, capacity 98279K, committed 99532K, reserved 1134592K
  class space    used 12508K, capacity 13481K, committed 13824K, reserved 1048576K
Event: 33.078 GC heap after
Heap after GC invocations=23 (full 4):
 PSYoungGen      total 435712K, used 17038K [0x00000000d5580000, 0x00000000f6580000, 0x0000000100000000)
  eden space 397312K, 0% used [0x00000000d5580000,0x00000000d5580000,0x00000000ed980000)
  from space 38400K, 44% used [0x00000000ed980000,0x00000000eea23a78,0x00000000eff00000)
  to   space 36352K, 0% used [0x00000000f4200000,0x00000000f4200000,0x00000000f6580000)
 ParOldGen       total 213504K, used 89711K [0x0000000080000000, 0x000000008d080000, 0x00000000d5580000)
  object space 213504K, 42% used [0x0000000080000000,0x000000008579bce0,0x000000008d080000)
 Metaspace       used 93255K, capacity 98279K, committed 99532K, reserved 1134592K
  class space    used 12508K, capacity 13481K, committed 13824K, reserved 1048576K
}
Event: 33.875 GC heap before
{Heap before GC invocations=24 (full 4):
 PSYoungGen      total 435712K, used 414350K [0x00000000d5580000, 0x00000000f6580000, 0x0000000100000000)
  eden space 397312K, 100% used [0x00000000d5580000,0x00000000ed980000,0x00000000ed980000)
  from space 38400K, 44% used [0x00000000ed980000,0x00000000eea23a78,0x00000000eff00000)
  to   space 36352K, 0% used [0x00000000f4200000,0x00000000f4200000,0x00000000f6580000)
 ParOldGen       total 213504K, used 89711K [0x0000000080000000, 0x000000008d080000, 0x00000000d5580000)
  object space 213504K, 42% used [0x0000000080000000,0x000000008579bce0,0x000000008d080000)
 Metaspace       used 93285K, capacity 98279K, committed 99532K, reserved 1134592K
  class space    used 12508K, capacity 13481K, committed 13824K, reserved 1048576K
Event: 33.911 GC heap after
Heap after GC invocations=24 (full 4):
 PSYoungGen      total 504320K, used 20427K [0x00000000d5580000, 0x00000000f6b80000, 0x0000000100000000)
  eden space 467968K, 0% used [0x00000000d5580000,0x00000000d5580000,0x00000000f1e80000)
  from space 36352K, 56% used [0x00000000f4200000,0x00000000f55f2cc0,0x00000000f6580000)
  to   space 36352K, 0% used [0x00000000f1e80000,0x00000000f1e80000,0x00000000f4200000)
 ParOldGen       total 213504K, used 89719K [0x0000000080000000, 0x000000008d080000, 0x00000000d5580000)
  object space 213504K, 42% used [0x0000000080000000,0x000000008579dce0,0x000000008d080000)
 Metaspace       used 93285K, capacity 98279K, committed 99532K, reserved 1134592K
  class space    used 12508K, capacity 13481K, committed 13824K, reserved 1048576K
}

