# JRE version: OpenJDK Runtime Environment (8.0_242-b01) (build 1.8.0_242-release-1644-b01)
# Java VM: OpenJDK 64-Bit Server VM (25.242-b01 mixed mode windows-amd64 compressed oops)
Heap:
 PSYoungGen      total 276480K, used 168776K [0x00000000d5580000, 0x00000000ed500000, 0x0000000100000000)
  eden space 250368K, 56% used [0x00000000d5580000,0x00000000de0d2628,0x00000000e4a00000)
  from space 26112K, 99% used [0x00000000e7700000,0x00000000e907fad8,0x00000000e9080000)
  to   space 46080K, 0% used [0x00000000e4a00000,0x00000000e4a00000,0x00000000e7700000)
 ParOldGen       total 211456K, used 80758K [0x0000000080000000, 0x000000008ce80000, 0x00000000d5580000)
  object space 211456K, 38% used [0x0000000080000000,0x0000000084edd910,0x000000008ce80000)
 Metaspace       used 85399K, capacity 90860K, committed 91048K, reserved 1128448K
  class space    used 11623K, capacity 12679K, committed 12712K, reserved 1048576K
GC Heap History (10 events):
Event: 14.639 GC heap before
{Heap before GC invocations=13 (full 3):
 PSYoungGen      total 221184K, used 15889K [0x00000000d5580000, 0x00000000e6600000, 0x0000000100000000)
  eden space 203264K, 0% used [0x00000000d5580000,0x00000000d5580000,0x00000000e1c00000)
  from space 17920K, 88% used [0x00000000e2f00000,0x00000000e3e846a8,0x00000000e4080000)
  to   space 19456K, 0% used [0x00000000e1c00000,0x00000000e1c00000,0x00000000e2f00000)
 ParOldGen       total 138752K, used 28910K [0x0000000080000000, 0x0000000088780000, 0x00000000d5580000)
  object space 138752K, 20% used [0x0000000080000000,0x0000000081c3b900,0x0000000088780000)
 Metaspace       used 56598K, capacity 59054K, committed 59160K, reserved 1099776K
  class space    used 7754K, capacity 8256K, committed 8360K, reserved 1048576K
Event: 15.086 GC heap after
Heap after GC invocations=13 (full 3):
 PSYoungGen      total 221184K, used 0K [0x00000000d5580000, 0x00000000e6600000, 0x0000000100000000)
  eden space 203264K, 0% used [0x00000000d5580000,0x00000000d5580000,0x00000000e1c00000)
  from space 17920K, 0% used [0x00000000e2f00000,0x00000000e2f00000,0x00000000e4080000)
  to   space 19456K, 0% used [0x00000000e1c00000,0x00000000e1c00000,0x00000000e2f00000)
 ParOldGen       total 211456K, used 32470K [0x0000000080000000, 0x000000008ce80000, 0x00000000d5580000)
  object space 211456K, 15% used [0x0000000080000000,0x0000000081fb5800,0x000000008ce80000)
 Metaspace       used 56536K, capacity 58850K, committed 59160K, reserved 1099776K
  class space    used 7735K, capacity 8222K, committed 8360K, reserved 1048576K
}
Event: 24.725 GC heap before
{Heap before GC invocations=14 (full 3):
 PSYoungGen      total 221184K, used 203264K [0x00000000d5580000, 0x00000000e6600000, 0x0000000100000000)
  eden space 203264K, 100% used [0x00000000d5580000,0x00000000e1c00000,0x00000000e1c00000)
  from space 17920K, 0% used [0x00000000e2f00000,0x00000000e2f00000,0x00000000e4080000)
  to   space 19456K, 0% used [0x00000000e1c00000,0x00000000e1c00000,0x00000000e2f00000)
 ParOldGen       total 211456K, used 32470K [0x0000000080000000, 0x000000008ce80000, 0x00000000d5580000)
  object space 211456K, 15% used [0x0000000080000000,0x0000000081fb5800,0x000000008ce80000)
 Metaspace       used 67060K, capacity 70444K, committed 70696K, reserved 1110016K
  class space    used 9089K, capacity 9729K, committed 9768K, reserved 1048576K
Event: 24.749 GC heap after
Heap after GC invocations=14 (full 3):
 PSYoungGen      total 222720K, used 16877K [0x00000000d5580000, 0x00000000e6880000, 0x0000000100000000)
  eden space 203264K, 0% used [0x00000000d5580000,0x00000000d5580000,0x00000000e1c00000)
  from space 19456K, 86% used [0x00000000e1c00000,0x00000000e2c7b798,0x00000000e2f00000)
  to   space 20992K, 0% used [0x00000000e5400000,0x00000000e5400000,0x00000000e6880000)
 ParOldGen       total 211456K, used 32478K [0x0000000080000000, 0x000000008ce80000, 0x00000000d5580000)
  object space 211456K, 15% used [0x0000000080000000,0x0000000081fb7800,0x000000008ce80000)
 Metaspace       used 67060K, capacity 70444K, committed 70696K, reserved 1110016K
  class space    used 9089K, capacity 9729K, committed 9768K, reserved 1048576K
}
Event: 31.204 GC heap before
{Heap before GC invocations=15 (full 3):
 PSYoungGen      total 222720K, used 220141K [0x00000000d5580000, 0x00000000e6880000, 0x0000000100000000)
  eden space 203264K, 100% used [0x00000000d5580000,0x00000000e1c00000,0x00000000e1c00000)
  from space 19456K, 86% used [0x00000000e1c00000,0x00000000e2c7b798,0x00000000e2f00000)
  to   space 20992K, 0% used [0x00000000e5400000,0x00000000e5400000,0x00000000e6880000)
 ParOldGen       total 211456K, used 32478K [0x0000000080000000, 0x000000008ce80000, 0x00000000d5580000)
  object space 211456K, 15% used [0x0000000080000000,0x0000000081fb7800,0x000000008ce80000)
 Metaspace       used 72190K, capacity 75690K, committed 75944K, reserved 1114112K
  class space    used 9653K, capacity 10314K, committed 10408K, reserved 1048576K
Event: 31.228 GC heap after
Heap after GC invocations=15 (full 3):
 PSYoungGen      total 253440K, used 17611K [0x00000000d5580000, 0x00000000e6600000, 0x0000000100000000)
  eden space 235008K, 0% used [0x00000000d5580000,0x00000000d5580000,0x00000000e3b00000)
  from space 18432K, 95% used [0x00000000e5400000,0x00000000e6532cf8,0x00000000e6600000)
  to   space 22016K, 0% used [0x00000000e3b00000,0x00000000e3b00000,0x00000000e5080000)
 ParOldGen       total 211456K, used 32486K [0x0000000080000000, 0x000000008ce80000, 0x00000000d5580000)
  object space 211456K, 15% used [0x0000000080000000,0x0000000081fb9800,0x000000008ce80000)
 Metaspace       used 72190K, capacity 75690K, committed 75944K, reserved 1114112K
  class space    used 9653K, capacity 10314K, committed 10408K, reserved 1048576K
}
Event: 34.928 GC heap before
{Heap before GC invocations=16 (full 3):
 PSYoungGen      total 253440K, used 252619K [0x00000000d5580000, 0x00000000e6600000, 0x0000000100000000)
  eden space 235008K, 100% used [0x00000000d5580000,0x00000000e3b00000,0x00000000e3b00000)
  from space 18432K, 95% used [0x00000000e5400000,0x00000000e6532cf8,0x00000000e6600000)
  to   space 22016K, 0% used [0x00000000e3b00000,0x00000000e3b00000,0x00000000e5080000)
 ParOldGen       total 211456K, used 32486K [0x0000000080000000, 0x000000008ce80000, 0x00000000d5580000)
  object space 211456K, 15% used [0x0000000080000000,0x0000000081fb9800,0x000000008ce80000)
 Metaspace       used 75611K, capacity 79496K, committed 79784K, reserved 1118208K
  class space    used 10080K, capacity 10803K, committed 10920K, reserved 1048576K
Event: 34.966 GC heap after
Heap after GC invocations=16 (full 3):
 PSYoungGen      total 257024K, used 22003K [0x00000000d5580000, 0x00000000e9080000, 0x0000000100000000)
  eden space 235008K, 0% used [0x00000000d5580000,0x00000000d5580000,0x00000000e3b00000)
  from space 22016K, 99% used [0x00000000e3b00000,0x00000000e507cc98,0x00000000e5080000)
  to   space 26112K, 0% used [0x00000000e7700000,0x00000000e7700000,0x00000000e9080000)
 ParOldGen       total 211456K, used 36252K [0x0000000080000000, 0x000000008ce80000, 0x00000000d5580000)
  object space 211456K, 17% used [0x0000000080000000,0x00000000823673a8,0x000000008ce80000)
 Metaspace       used 75611K, capacity 79496K, committed 79784K, reserved 1118208K
  class space    used 10080K, capacity 10803K, committed 10920K, reserved 1048576K
}
Event: 36.389 GC heap before
{Heap before GC invocations=17 (full 3):
 PSYoungGen      total 257024K, used 257011K [0x00000000d5580000, 0x00000000e9080000, 0x0000000100000000)
  eden space 235008K, 100% used [0x00000000d5580000,0x00000000e3b00000,0x00000000e3b00000)
  from space 22016K, 99% used [0x00000000e3b00000,0x00000000e507cc98,0x00000000e5080000)
  to   space 26112K, 0% used [0x00000000e7700000,0x00000000e7700000,0x00000000e9080000)
 ParOldGen       total 211456K, used 36279K [0x0000000080000000, 0x000000008ce80000, 0x00000000d5580000)
  object space 211456K, 17% used [0x0000000080000000,0x000000008236df28,0x000000008ce80000)
 Metaspace       used 81185K, capacity 85908K, committed 85928K, reserved 1124352K
  class space    used 10985K, capacity 11937K, committed 11944K, reserved 1048576K
Event: 36.522 GC heap after
Heap after GC invocations=17 (full 3):
 PSYoungGen      total 276480K, used 26110K [0x00000000d5580000, 0x00000000ed500000, 0x0000000100000000)
  eden space 250368K, 0% used [0x00000000d5580000,0x00000000d5580000,0x00000000e4a00000)
  from space 26112K, 99% used [0x00000000e7700000,0x00000000e907fad8,0x00000000e9080000)
  to   space 46080K, 0% used [0x00000000e4a00000,0x00000000e4a00000,0x00000000e7700000)
 ParOldGen       total 211456K, used 80758K [0x0000000080000000, 0x000000008ce80000, 0x00000000d5580000)
  object space 211456K, 38% used [0x0000000080000000,0x0000000084edd910,0x000000008ce80000)
 Metaspace       used 81185K, capacity 85908K, committed 85928K, reserved 1124352K
  class space    used 10985K, capacity 11937K, committed 11944K, reserved 1048576K
}

